============================================================
Attack Type: Port_Scan
Timestamp: 2025-10-29_17-22-52
============================================================

[17:22:47] 🔴 ATTACK INITIATED: Port Scan
[17:22:47] Target: Victim Server (172.20.0.10)
[17:22:47] Scanning port 21...
[17:22:47] ✗ Port 21 CLOSED
[17:22:48] Scanning port 22...
[17:22:48] ✗ Port 22 CLOSED
[17:22:48] Scanning port 23...
[17:22:48] ✗ Port 23 CLOSED
[17:22:49] Scanning port 25...
[17:22:49] ✗ Port 25 CLOSED
[17:22:49] Scanning port 80...
[17:22:49] ✗ Port 80 CLOSED
[17:22:50] Scanning port 443...
[17:22:50] ✗ Port 443 CLOSED
[17:22:50] Scanning port 3306...
[17:22:50] ✗ Port 3306 CLOSED
[17:22:51] Scanning port 5000...
[17:22:51] ✓ Port 5000 OPEN
[17:22:51] Scanning port 8080...
[17:22:51] ✗ Port 8080 CLOSED
[17:22:52] Scanning port 8443...
[17:22:52] ✗ Port 8443 CLOSED
[17:22:52] 📊 Found 1 open ports: [5000]
