============================================================
Attack Type: Port_Scan
Timestamp: 2025-10-29_17-09-03
Attacker: Control Center (172.20.0.5)
Target: Victim Server (172.20.0.10)
============================================================

[17:08:58] 🔴 ATTACK INITIATED: Port Scan & Network Reconnaissance
[17:08:58] Scanner: Control Center (172.20.0.5)
[17:08:58] Target: Victim Server (172.20.0.10)
[17:08:58] Attack Method: TCP SYN Scan
[17:08:58] Scanning 10 common ports...
[17:08:58] Probing port 21...
[17:08:58] ✗ Port 21 CLOSED or FILTERED
[17:08:59] Probing port 22...
[17:08:59] ✗ Port 22 CLOSED or FILTERED
[17:08:59] Probing port 23...
[17:08:59] ✗ Port 23 CLOSED or FILTERED
[17:09:00] Probing port 25...
[17:09:00] ✗ Port 25 CLOSED or FILTERED
[17:09:00] Probing port 80...
[17:09:00] ✗ Port 80 CLOSED or FILTERED
[17:09:01] Probing port 443...
[17:09:01] ✗ Port 443 CLOSED or FILTERED
[17:09:01] Probing port 3306...
[17:09:01] ✗ Port 3306 CLOSED or FILTERED
[17:09:02] Probing port 5000...
[17:09:02] ✓ Port 5000 OPEN - Service detected: Flask/HTTP
[17:09:02] Probing port 8080...
[17:09:02] ✗ Port 8080 CLOSED or FILTERED
[17:09:03] Probing port 8443...
[17:09:03] ✗ Port 8443 CLOSED or FILTERED
[17:09:03] 📊 Scan Summary: 1/10 ports open
[17:09:03] 🎯 Open Ports: 5000
[17:09:03] ⚠️  RESULT: Attack surface identified - Potential entry points found
[17:09:03] Running OS detection...
[17:09:03] OS Fingerprint: Linux 5.x (Docker Container)
[17:09:03] Services: Flask/Python web server detected
